<?xml version="1.0" encoding="UTF-8"?>
<!-- Generated by org.testng.reporters.JUnitReportReporter -->
<testsuite skipped="0" hostname="BDC6-DX-6BV6NK2" name="com.test.tabledemo" tests="1" failures="0" timestamp="19 Sep 2019 11:05:06 GMT" time="26.846" errors="0">
  <testcase name="f" time="26.846" classname="com.test.tabledemo"/>
</testsuite> <!-- com.test.tabledemo -->
