<?xml version="1.0" encoding="UTF-8"?>
<!-- Generated by org.testng.reporters.JUnitReportReporter -->
<testsuite skipped="0" hostname="BDC6-DX-6BV6NK2" name="com.test.table_demo2" tests="1" failures="0" timestamp="19 Sep 2019 11:11:48 GMT" time="14.540" errors="0">
  <testcase name="f" time="14.540" classname="com.test.table_demo2"/>
</testsuite> <!-- com.test.table_demo2 -->
