<?xml version="1.0" encoding="UTF-8"?>
<!-- Generated by org.testng.reporters.JUnitReportReporter -->
<testsuite skipped="0" hostname="BDC6-DX-6BV6NK2" name="com.test.WebDriver_Demo1" tests="1" failures="0" timestamp="19 Sep 2019 04:30:22 GMT" time="25.455" errors="0">
  <testcase name="f" time="25.455" classname="com.test.WebDriver_Demo1"/>
</testsuite> <!-- com.test.WebDriver_Demo1 -->
